<?xml version="1.0" encoding="UTF-8"?>
<coverage generated="1654611054534" clover="3.2.0">
  <project timestamp="1654611054534" name="All files">
    <metrics statements="21" coveredstatements="14" conditionals="7" coveredconditionals="6" methods="7" coveredmethods="5" elements="35" coveredelements="25" complexity="0" loc="21" ncloc="21" packages="1" files="1" classes="1"/>
    <file name="user-service.ts" path="C:\dev\Vue\todo-ts\src\services\user-service.ts">
      <metrics statements="21" coveredstatements="14" conditionals="7" coveredconditionals="6" methods="7" coveredmethods="5"/>
      <line num="3" count="1" type="stmt"/>
      <line num="9" count="1" type="stmt"/>
      <line num="10" count="1" type="cond" truecount="1" falsecount="1"/>
      <line num="36" count="1" type="stmt"/>
      <line num="40" count="0" type="stmt"/>
      <line num="44" count="2" type="stmt"/>
      <line num="45" count="2" type="stmt"/>
      <line num="46" count="2" type="cond" truecount="2" falsecount="0"/>
      <line num="50" count="0" type="stmt"/>
      <line num="51" count="0" type="stmt"/>
      <line num="52" count="0" type="stmt"/>
      <line num="53" count="0" type="stmt"/>
      <line num="54" count="0" type="stmt"/>
      <line num="55" count="0" type="stmt"/>
      <line num="59" count="1" type="stmt"/>
      <line num="63" count="1" type="cond" truecount="2" falsecount="0"/>
      <line num="67" count="4" type="stmt"/>
      <line num="68" count="4" type="stmt"/>
      <line num="69" count="4" type="stmt"/>
      <line num="70" count="20" type="stmt"/>
      <line num="72" count="4" type="stmt"/>
    </file>
  </project>
</coverage>
