{"C:\\dev\\Vue\\todo-ts\\src\\services\\user-service.ts": {"path":"C:\\dev\\Vue\\todo-ts\\src\\services\\user-service.ts","statementMap":{"0":{"start":{"line":3,"column":13},"end":{"line":3,"column":27}},"1":{"start":{"line":9,"column":18},"end":{"line":9,"column":null}},"2":{"start":{"line":10,"column":22},"end":{"line":12,"column":null}},"3":{"start":{"line":36,"column":0},"end":{"line":36,"column":19}},"4":{"start":{"line":40,"column":2},"end":{"line":40,"column":9}},"5":{"start":{"line":44,"column":22},"end":{"line":44,"column":27}},"6":{"start":{"line":44,"column":45},"end":{"line":44,"column":null}},"7":{"start":{"line":45,"column":2},"end":{"line":45,"column":9}},"8":{"start":{"line":46,"column":2},"end":{"line":46,"column":9}},"9":{"start":{"line":50,"column":2},"end":{"line":50,"column":10}},"10":{"start":{"line":51,"column":2},"end":{"line":51,"column":10}},"11":{"start":{"line":52,"column":2},"end":{"line":52,"column":7}},"12":{"start":{"line":53,"column":2},"end":{"line":53,"column":21}},"13":{"start":{"line":54,"column":2},"end":{"line":54,"column":14}},"14":{"start":{"line":55,"column":2},"end":{"line":55,"column":9}},"15":{"start":{"line":59,"column":2},"end":{"line":59,"column":16}},"16":{"start":{"line":63,"column":2},"end":{"line":63,"column":9}},"17":{"start":{"line":67,"column":13},"end":{"line":67,"column":null}},"18":{"start":{"line":68,"column":19},"end":{"line":68,"column":null}},"19":{"start":{"line":69,"column":2},"end":{"line":71,"column":null}},"20":{"start":{"line":69,"column":15},"end":{"line":69,"column":18}},"21":{"start":{"line":70,"column":4},"end":{"line":70,"column":8}},"22":{"start":{"line":72,"column":2},"end":{"line":72,"column":9}}},"fnMap":{"0":{"name":"getUsers","decl":{"start":{"line":39,"column":9},"end":{"line":39,"column":17}},"loc":{"start":{"line":39,"column":17},"end":{"line":41,"column":null}}},"1":{"name":"login","decl":{"start":{"line":43,"column":9},"end":{"line":43,"column":15}},"loc":{"start":{"line":43,"column":38},"end":{"line":47,"column":null}}},"2":{"name":"(anonymous_2)","decl":{"start":{"line":44,"column":39},"end":{"line":44,"column":45}},"loc":{"start":{"line":44,"column":45},"end":{"line":44,"column":null}}},"3":{"name":"register","decl":{"start":{"line":49,"column":9},"end":{"line":49,"column":18}},"loc":{"start":{"line":49,"column":32},"end":{"line":56,"column":null}}},"4":{"name":"_saveUsersToStorage","decl":{"start":{"line":58,"column":9},"end":{"line":58,"column":29}},"loc":{"start":{"line":58,"column":42},"end":{"line":60,"column":null}}},"5":{"name":"_getUsersFromStorage","decl":{"start":{"line":62,"column":9},"end":{"line":62,"column":29}},"loc":{"start":{"line":62,"column":29},"end":{"line":64,"column":null}}},"6":{"name":"_makeId","decl":{"start":{"line":66,"column":9},"end":{"line":66,"column":17}},"loc":{"start":{"line":66,"column":27},"end":{"line":73,"column":null}}}},"branchMap":{"0":{"loc":{"start":{"line":10,"column":22},"end":{"line":12,"column":null}},"type":"cond-expr","locations":[{"start":{"line":11,"column":4},"end":{"line":11,"column":null}},{"start":{"line":12,"column":4},"end":{"line":12,"column":null}}]},"1":{"loc":{"start":{"line":46,"column":9},"end":{"line":46,"column":null}},"type":"cond-expr","locations":[{"start":{"line":46,"column":20},"end":{"line":46,"column":26}},{"start":{"line":46,"column":33},"end":{"line":46,"column":null}}]},"2":{"loc":{"start":{"line":63,"column":20},"end":{"line":63,"column":null}},"type":"binary-expr","locations":[{"start":{"line":63,"column":20},"end":{"line":63,"column":34}},{"start":{"line":63,"column":57},"end":{"line":63,"column":null}}]},"3":{"loc":{"start":{"line":66,"column":17},"end":{"line":66,"column":27}},"type":"default-arg","locations":[{"start":{"line":66,"column":26},"end":{"line":66,"column":27}}]}},"s":{"0":1,"1":1,"2":1,"3":1,"4":0,"5":2,"6":2,"7":2,"8":2,"9":0,"10":0,"11":0,"12":0,"13":0,"14":0,"15":1,"16":1,"17":4,"18":4,"19":4,"20":4,"21":20,"22":4},"f":{"0":0,"1":2,"2":2,"3":0,"4":1,"5":1,"6":4},"b":{"0":[0,1],"1":[1,1],"2":[1,1],"3":[4]}}
}
