TN:
SF:src\services\user-service.ts
FN:39,getUsers
FN:43,login
FN:44,(anonymous_2)
FN:49,register
FN:58,_saveUsersToStorage
FN:62,_getUsersFromStorage
FN:66,_makeId
FNF:7
FNH:5
FNDA:0,getUsers
FNDA:2,login
FNDA:2,(anonymous_2)
FNDA:0,register
FNDA:1,_saveUsersToStorage
FNDA:1,_getUsersFromStorage
FNDA:4,_makeId
DA:3,1
DA:9,1
DA:10,1
DA:36,1
DA:40,0
DA:44,2
DA:45,2
DA:46,2
DA:50,0
DA:51,0
DA:52,0
DA:53,0
DA:54,0
DA:55,0
DA:59,1
DA:63,1
DA:67,4
DA:68,4
DA:69,4
DA:70,20
DA:72,4
LF:21
LH:14
BRDA:10,0,0,0
BRDA:10,0,1,1
BRDA:46,1,0,1
BRDA:46,1,1,1
BRDA:63,2,0,1
BRDA:63,2,1,1
BRDA:66,3,0,4
BRF:7
BRH:6
end_of_record
